HomeScreenWidgetDemo/app/build/intermediates/manifest_merge_blame_file/debug/manifest-merger-blame-debug-report.txt
1<?xml version="1.0" encoding="utf-8"?>
2<manifest xmlns:android="http://schemas.android.com/apk/res/android"
3    package="com.fullsail.android.homescreenwidgetdemo"
4    android:versionCode="1"
5    android:versionName="1.0" >
6
7    <uses-sdk
8        android:minSdkVersion="21"
8-->src/main/AndroidManifest.xml
9        android:targetSdkVersion="28" />
9-->src/main/AndroidManifest.xml
10
11    <application
11-->src/main/AndroidManifest.xml:4:5-45:19
12        android:allowBackup="true"
12-->src/main/AndroidManifest.xml:5:9-35
13        android:appComponentFactory="androidx.core.app.CoreComponentFactory"
13-->[androidx.core:core:1.1.0] AndroidManifest.xml:24:18-86
14        android:debuggable="true"
15        android:icon="@mipmap/ic_launcher"
15-->src/main/AndroidManifest.xml:6:9-43
16        android:label="@string/app_name"
16-->src/main/AndroidManifest.xml:7:9-41
17        android:roundIcon="@mipmap/ic_launcher_round"
17-->src/main/AndroidManifest.xml:8:9-54
18        android:supportsRtl="true"
18-->src/main/AndroidManifest.xml:9:9-35
19        android:testOnly="true"
20        android:theme="@style/AppTheme" >
20-->src/main/AndroidManifest.xml:10:9-40
21        <receiver
21-->src/main/AndroidManifest.xml:12:9-21:20
22            android:name="com.fullsail.android.homescreenwidgetdemo.SimpleWidgetProvider"
22-->src/main/AndroidManifest.xml:12:19-55
23            android:exported="true" >
23-->src/main/AndroidManifest.xml:13:13-36
24            <intent-filter>
24-->src/main/AndroidManifest.xml:15:13-17:29
25                <action android:name="android.appwidget.action.APPWIDGET_UPDATE" />
25-->src/main/AndroidManifest.xml:16:17-84
25-->src/main/AndroidManifest.xml:16:25-81
26            </intent-filter>
27
28            <meta-data
28-->src/main/AndroidManifest.xml:19:13-20:57
29                android:name="android.appwidget.provider"
29-->src/main/AndroidManifest.xml:19:24-65
30                android:resource="@xml/provider_info" />
30-->src/main/AndroidManifest.xml:20:17-54
31        </receiver>
32        <receiver
32-->src/main/AndroidManifest.xml:23:9-32:20
33            android:name="com.fullsail.android.homescreenwidgetdemo.SecondWidgetProvider"
33-->src/main/AndroidManifest.xml:23:19-55
34            android:exported="true" >
34-->src/main/AndroidManifest.xml:24:13-36
35            <intent-filter>
35-->src/main/AndroidManifest.xml:15:13-17:29
36                <action android:name="android.appwidget.action.APPWIDGET_UPDATE" />
36-->src/main/AndroidManifest.xml:16:17-84
36-->src/main/AndroidManifest.xml:16:25-81
37            </intent-filter>
38
39            <meta-data
39-->src/main/AndroidManifest.xml:19:13-20:57
40                android:name="android.appwidget.provider"
40-->src/main/AndroidManifest.xml:19:24-65
41                android:resource="@xml/provider2_info" />
41-->src/main/AndroidManifest.xml:20:17-54
42        </receiver>
43
44        <activity android:name="com.fullsail.android.homescreenwidgetdemo.ConfigActivity" >
44-->src/main/AndroidManifest.xml:34:9-38:20
44-->src/main/AndroidManifest.xml:34:19-49
45            <intent-filter>
45-->src/main/AndroidManifest.xml:35:13-37:29
46                <action android:name="android.appwidget.action.APPWIDGET_CONFIGURE" />
46-->src/main/AndroidManifest.xml:36:17-87
46-->src/main/AndroidManifest.xml:36:25-84
47            </intent-filter>
48        </activity>
49        <activity android:name="com.fullsail.android.homescreenwidgetdemo.ConfigActivity2" >
49-->src/main/AndroidManifest.xml:40:9-44:20
49-->src/main/AndroidManifest.xml:40:19-50
50            <intent-filter>
50-->src/main/AndroidManifest.xml:35:13-37:29
51                <action android:name="android.appwidget.action.APPWIDGET_CONFIGURE" />
51-->src/main/AndroidManifest.xml:36:17-87
51-->src/main/AndroidManifest.xml:36:25-84
52            </intent-filter>
53        </activity>
54    </application>
55
56</manifest>